<?xml version="1.0" encoding="utf-8"?><testsuites><testsuite name="pytest" errors="0" failures="0" skipped="0" tests="3" time="29.334" timestamp="2023-12-16T17:35:30.966660" hostname="LAPTOP-DLE01V7J"><testcase classname="test_HomePage.TestHomePage" name="test_formSubmission[getData0]" time="10.524" /><testcase classname="test_HomePage.TestHomePage" name="test_formSubmission[getData1]" time="5.410" /><testcase classname="test_e2e.TestOne" name="test_e2e" time="13.283" /></testsuite></testsuites>